android/build/intermediates/manifest_merge_blame_file/debug/processDebugMainManifest/manifest-merger-blame-debug-report.txt
1<?xml version="1.0" encoding="utf-8"?>
2<manifest xmlns:android="http://schemas.android.com/apk/res/android"
3    package="com.example.android"
4    android:versionCode="1"
5    android:versionName="1.0" >
6
7    <uses-sdk
7-->simulisation/android/AndroidManifest.xml:6:5-74
8        android:minSdkVersion="16"
8-->simulisation/android/AndroidManifest.xml:6:15-41
9        android:targetSdkVersion="34" />
9-->simulisation/android/AndroidManifest.xml:6:42-71
10
11    <uses-feature
11-->simulisation/android/AndroidManifest.xml:7:5-78
12        android:glEsVersion="0x00020000"
12-->simulisation/android/AndroidManifest.xml:7:19-51
13        android:required="true" />
13-->simulisation/android/AndroidManifest.xml:7:52-75
14
15    <!-- We do not have Java code. Therefore android:hasCode is set to false. -->
16    <application
16-->simulisation/android/AndroidManifest.xml:10:5-30:19
17        android:allowBackup="false"
17-->simulisation/android/AndroidManifest.xml:10:18-45
18        android:debuggable="true"
19        android:extractNativeLibs="true"
20        android:hasCode="false"
20-->simulisation/android/AndroidManifest.xml:10:46-69
21        android:icon="@drawable/icon"
21-->simulisation/android/AndroidManifest.xml:12:17-46
22        android:label="@string/app_name"
22-->simulisation/android/AndroidManifest.xml:11:17-49
23        android:theme="@android:style/Theme.Holo.NoActionBar.Fullscreen" >
23-->simulisation/android/AndroidManifest.xml:13:17-81
24
25        <!-- Our activity is the built-in NativeActivity framework class. -->
26        <activity
26-->simulisation/android/AndroidManifest.xml:16:9-28:20
27            android:name="android.app.NativeActivity"
27-->simulisation/android/AndroidManifest.xml:16:19-60
28            android:clearTaskOnLaunch="true"
28-->simulisation/android/AndroidManifest.xml:20:17-49
29            android:configChanges="orientation|keyboardHidden|screenSize"
29-->simulisation/android/AndroidManifest.xml:18:17-78
30            android:exported="true"
30-->simulisation/android/AndroidManifest.xml:17:17-40
31            android:screenOrientation="unspecified" >
31-->simulisation/android/AndroidManifest.xml:19:17-56
32
33            <!-- Tell NativeActivity the name of our .so -->
34            <meta-data
34-->simulisation/android/AndroidManifest.xml:23:13-86
35                android:name="android.app.lib_name"
35-->simulisation/android/AndroidManifest.xml:23:24-59
36                android:value="example" />
36-->simulisation/android/AndroidManifest.xml:23:60-83
37
38            <intent-filter>
38-->simulisation/android/AndroidManifest.xml:24:13-27:29
39                <action android:name="android.intent.action.MAIN" />
39-->simulisation/android/AndroidManifest.xml:25:17-69
39-->simulisation/android/AndroidManifest.xml:25:25-66
40
41                <category android:name="android.intent.category.LAUNCHER" />
41-->simulisation/android/AndroidManifest.xml:26:17-77
41-->simulisation/android/AndroidManifest.xml:26:27-74
42            </intent-filter>
43        </activity>
44    </application>
45
46</manifest><!--
47<?xml version="1.0" encoding="utf-8"?>
48	<manifest xmlns:android="http://schemas.android.com/apk/res/android"
49	         package="com.raylib.example" 
50	         android:versionCode="1" android:versionName="1.0" > 
51	<uses-sdk android:minSdkVersion="16" android:targetSdkVersion="34"  />
52	<uses-feature android:glEsVersion="0x00020000" android:required="true" /> 
53	<application android:allowBackup="false" android:label="@string/app_name"  android:icon="@drawable/icon" > 
54	    <activity android:name="com.raylib.example.NativeLoader" 
55            android:theme="@android:style/Theme.NoTitleBar.Fullscreen" 
56            android:configChanges="orientation|keyboardHidden|screenSize" 
57            android:screenOrientation="portrait" android:launchMode="singleTask" 
58            android:clearTaskOnLaunch="true"> 
59	            <meta-data android:name="android.app.lib_name" android:value="example" />
60	            <intent-filter>
61	                <action android:name="android.intent.action.MAIN"/> 
62	                <category android:name="android.intent.category.LAUNCHER"/>
63	            </intent-filter> 
64	        </activity> 
65	    </application> 
66	</manifest> 
67-->